[ 2025-08-01 11:06:01,609 ] 161 numexpr.utils - INFO - NumExpr defaulting to 8 threads.
[ 2025-08-01 11:06:04,983 ] 1025 httpx - INFO - HTTP Request: GET https://dagshub.com/api/v1/user "HTTP/1.1 200 OK"
[ 2025-08-01 11:06:04,993 ] 107 dagshub - INFO - Accessing as Aakash326
[ 2025-08-01 11:06:05,463 ] 1025 httpx - INFO - HTTP Request: GET https://dagshub.com/api/v1/repos/Aakash326/networksecurity "HTTP/1.1 200 OK"
[ 2025-08-01 11:06:05,853 ] 1025 httpx - INFO - HTTP Request: GET https://dagshub.com/api/v1/user "HTTP/1.1 200 OK"
[ 2025-08-01 11:06:05,854 ] 107 dagshub - INFO - Initialized MLflow to track repo "Aakash326/networksecurity"
[ 2025-08-01 11:06:05,854 ] 107 dagshub - INFO - Repository Aakash326/networksecurity initialized!
[ 2025-08-01 11:06:05,854 ] 25 root - INFO - Starting the Network Security pipeline.
[ 2025-08-01 11:06:07,300 ] 58 root - INFO - Train set shape: (8844, 31), Test set shape: (2211, 31)
[ 2025-08-01 11:06:07,338 ] 63 root - INFO - exported train and test data successfully
[ 2025-08-01 11:06:07,338 ] 31 root - INFO - Data ingestion completed.
[ 2025-08-01 11:06:07,350 ] 34 root - INFO - Required number of columns from schema: 31
[ 2025-08-01 11:06:07,350 ] 35 root - INFO - Actual number of columns in dataframe: 31
[ 2025-08-01 11:06:07,350 ] 36 root - INFO - Dataframe columns: ['having_IP_Address', 'URL_Length', 'Shortining_Service', 'having_At_Symbol', 'double_slash_redirecting', 'Prefix_Suffix', 'having_Sub_Domain', 'SSLfinal_State', 'Domain_registeration_length', 'Favicon', 'port', 'HTTPS_token', 'Request_URL', 'URL_of_Anchor', 'Links_in_tags', 'SFH', 'Submitting_to_email', 'Abnormal_URL', 'Redirect', 'on_mouseover', 'RightClick', 'popUpWidnow', 'Iframe', 'age_of_domain', 'DNSRecord', 'web_traffic', 'Page_Rank', 'Google_Index', 'Links_pointing_to_page', 'Statistical_report', 'Result']
[ 2025-08-01 11:06:07,350 ] 34 root - INFO - Required number of columns from schema: 31
[ 2025-08-01 11:06:07,350 ] 35 root - INFO - Actual number of columns in dataframe: 31
[ 2025-08-01 11:06:07,350 ] 36 root - INFO - Dataframe columns: ['having_IP_Address', 'URL_Length', 'Shortining_Service', 'having_At_Symbol', 'double_slash_redirecting', 'Prefix_Suffix', 'having_Sub_Domain', 'SSLfinal_State', 'Domain_registeration_length', 'Favicon', 'port', 'HTTPS_token', 'Request_URL', 'URL_of_Anchor', 'Links_in_tags', 'SFH', 'Submitting_to_email', 'Abnormal_URL', 'Redirect', 'on_mouseover', 'RightClick', 'popUpWidnow', 'Iframe', 'age_of_domain', 'DNSRecord', 'web_traffic', 'Page_Rank', 'Google_Index', 'Links_pointing_to_page', 'Statistical_report', 'Result']
[ 2025-08-01 11:06:07,441 ] 36 root - INFO - Data validation completed.
[ 2025-08-01 11:06:07,441 ] 42 root - INFO - data Transformation started
[ 2025-08-01 11:06:07,441 ] 63 root - INFO - Entered initiate_data_transformation method of DataTransformation class
[ 2025-08-01 11:06:07,441 ] 65 root - INFO - Starting data transformation
[ 2025-08-01 11:06:07,451 ] 48 root - INFO - Entered get_data_trnasformer_object method of Trnasformation class
[ 2025-08-01 11:06:07,451 ] 53 root - INFO - Initialise KNNImputer with {'missing_values': nan, 'n_neighbors': 3, 'weights': 'uniform'}
[ 2025-08-01 11:06:07,456 ] 46 root - INFO - Entered the save_object method of MainUtils class
[ 2025-08-01 11:06:07,459 ] 50 root - INFO - Exited the save_object method of MainUtils class
[ 2025-08-01 11:06:07,459 ] 46 root - INFO - Entered the save_object method of MainUtils class
[ 2025-08-01 11:06:07,460 ] 50 root - INFO - Exited the save_object method of MainUtils class
[ 2025-08-01 11:06:07,462 ] 46 root - INFO - data Transformation completed
[ 2025-08-01 11:06:07,462 ] 48 root - INFO - Model Training sstared
[ 2025-08-01 11:08:04,831 ] 46 root - INFO - Entered the save_object method of MainUtils class
[ 2025-08-01 11:08:04,844 ] 50 root - INFO - Exited the save_object method of MainUtils class
[ 2025-08-01 11:08:04,844 ] 46 root - INFO - Entered the save_object method of MainUtils class
[ 2025-08-01 11:08:04,851 ] 50 root - INFO - Exited the save_object method of MainUtils class
[ 2025-08-01 11:08:04,852 ] 127 root - INFO - Model trainer artifact: ModelTrainerArtifact(trained_model_file_path='Artifacts/2025-08-01-11-06-05/model_trainer/trained_model/model.pkl', train_metric_artifact=ClassificationMetricArtifact(f1_score=0.9919093851132686, precision_score=0.9899071457408155, recall_score=0.9939197405755978), test_metric_artifact=ClassificationMetricArtifact(f1_score=0.977669508729192, precision_score=0.9709677419354839, recall_score=0.9844644317252658))
[ 2025-08-01 11:08:04,854 ] 53 root - INFO - Model Training artifact created
