[ 2025-08-01 11:02:24,172 ] 161 numexpr.utils - INFO - NumExpr defaulting to 8 threads.
[ 2025-08-01 11:02:27,177 ] 1025 httpx - INFO - HTTP Request: GET https://dagshub.com/api/v1/user "HTTP/1.1 200 OK"
[ 2025-08-01 11:02:27,186 ] 107 dagshub - INFO - Accessing as Aakash326
[ 2025-08-01 11:02:27,683 ] 1025 httpx - INFO - HTTP Request: GET https://dagshub.com/api/v1/repos/Aakash326/networksecurity "HTTP/1.1 200 OK"
[ 2025-08-01 11:02:28,056 ] 1025 httpx - INFO - HTTP Request: GET https://dagshub.com/api/v1/user "HTTP/1.1 200 OK"
[ 2025-08-01 11:02:28,057 ] 107 dagshub - INFO - Initialized MLflow to track repo "Aakash326/networksecurity"
[ 2025-08-01 11:02:28,058 ] 107 dagshub - INFO - Repository Aakash326/networksecurity initialized!
[ 2025-08-01 11:02:28,058 ] 25 root - INFO - Starting the Network Security pipeline.
[ 2025-08-01 11:02:29,284 ] 58 root - INFO - Train set shape: (8844, 31), Test set shape: (2211, 31)
[ 2025-08-01 11:02:29,319 ] 63 root - INFO - exported train and test data successfully
[ 2025-08-01 11:02:29,319 ] 31 root - INFO - Data ingestion completed.
[ 2025-08-01 11:02:29,331 ] 34 root - INFO - Required number of columns from schema: 31
[ 2025-08-01 11:02:29,331 ] 35 root - INFO - Actual number of columns in dataframe: 31
[ 2025-08-01 11:02:29,331 ] 36 root - INFO - Dataframe columns: ['having_IP_Address', 'URL_Length', 'Shortining_Service', 'having_At_Symbol', 'double_slash_redirecting', 'Prefix_Suffix', 'having_Sub_Domain', 'SSLfinal_State', 'Domain_registeration_length', 'Favicon', 'port', 'HTTPS_token', 'Request_URL', 'URL_of_Anchor', 'Links_in_tags', 'SFH', 'Submitting_to_email', 'Abnormal_URL', 'Redirect', 'on_mouseover', 'RightClick', 'popUpWidnow', 'Iframe', 'age_of_domain', 'DNSRecord', 'web_traffic', 'Page_Rank', 'Google_Index', 'Links_pointing_to_page', 'Statistical_report', 'Result']
[ 2025-08-01 11:02:29,331 ] 34 root - INFO - Required number of columns from schema: 31
[ 2025-08-01 11:02:29,331 ] 35 root - INFO - Actual number of columns in dataframe: 31
[ 2025-08-01 11:02:29,331 ] 36 root - INFO - Dataframe columns: ['having_IP_Address', 'URL_Length', 'Shortining_Service', 'having_At_Symbol', 'double_slash_redirecting', 'Prefix_Suffix', 'having_Sub_Domain', 'SSLfinal_State', 'Domain_registeration_length', 'Favicon', 'port', 'HTTPS_token', 'Request_URL', 'URL_of_Anchor', 'Links_in_tags', 'SFH', 'Submitting_to_email', 'Abnormal_URL', 'Redirect', 'on_mouseover', 'RightClick', 'popUpWidnow', 'Iframe', 'age_of_domain', 'DNSRecord', 'web_traffic', 'Page_Rank', 'Google_Index', 'Links_pointing_to_page', 'Statistical_report', 'Result']
[ 2025-08-01 11:02:29,426 ] 36 root - INFO - Data validation completed.
[ 2025-08-01 11:02:29,426 ] 42 root - INFO - data Transformation started
[ 2025-08-01 11:02:29,426 ] 63 root - INFO - Entered initiate_data_transformation method of DataTransformation class
[ 2025-08-01 11:02:29,426 ] 65 root - INFO - Starting data transformation
[ 2025-08-01 11:02:29,436 ] 48 root - INFO - Entered get_data_trnasformer_object method of Trnasformation class
[ 2025-08-01 11:02:29,436 ] 53 root - INFO - Initialise KNNImputer with {'missing_values': nan, 'n_neighbors': 3, 'weights': 'uniform'}
[ 2025-08-01 11:02:29,440 ] 46 root - INFO - Entered the save_object method of MainUtils class
[ 2025-08-01 11:02:29,442 ] 50 root - INFO - Exited the save_object method of MainUtils class
[ 2025-08-01 11:02:29,442 ] 46 root - INFO - Entered the save_object method of MainUtils class
[ 2025-08-01 11:02:29,444 ] 50 root - INFO - Exited the save_object method of MainUtils class
[ 2025-08-01 11:02:29,445 ] 46 root - INFO - data Transformation completed
[ 2025-08-01 11:02:29,445 ] 48 root - INFO - Model Training sstared
