[ 2025-08-01 08:44:34,310 ] 161 numexpr.utils - INFO - NumExpr defaulting to 8 threads.
[ 2025-08-01 08:44:37,227 ] 23 root - INFO - Starting the Network Security pipeline.
[ 2025-08-01 08:44:40,271 ] 58 root - INFO - Train set shape: (8844, 31), Test set shape: (2211, 31)
[ 2025-08-01 08:44:40,306 ] 63 root - INFO - exported train and test data successfully
[ 2025-08-01 08:44:40,306 ] 29 root - INFO - Data ingestion completed.
[ 2025-08-01 08:44:40,318 ] 34 root - INFO - Required number of columns from schema: 31
[ 2025-08-01 08:44:40,318 ] 35 root - INFO - Actual number of columns in dataframe: 31
[ 2025-08-01 08:44:40,318 ] 36 root - INFO - Dataframe columns: ['having_IP_Address', 'URL_Length', 'Shortining_Service', 'having_At_Symbol', 'double_slash_redirecting', 'Prefix_Suffix', 'having_Sub_Domain', 'SSLfinal_State', 'Domain_registeration_length', 'Favicon', 'port', 'HTTPS_token', 'Request_URL', 'URL_of_Anchor', 'Links_in_tags', 'SFH', 'Submitting_to_email', 'Abnormal_URL', 'Redirect', 'on_mouseover', 'RightClick', 'popUpWidnow', 'Iframe', 'age_of_domain', 'DNSRecord', 'web_traffic', 'Page_Rank', 'Google_Index', 'Links_pointing_to_page', 'Statistical_report', 'Result']
[ 2025-08-01 08:44:40,318 ] 34 root - INFO - Required number of columns from schema: 31
[ 2025-08-01 08:44:40,318 ] 35 root - INFO - Actual number of columns in dataframe: 31
[ 2025-08-01 08:44:40,318 ] 36 root - INFO - Dataframe columns: ['having_IP_Address', 'URL_Length', 'Shortining_Service', 'having_At_Symbol', 'double_slash_redirecting', 'Prefix_Suffix', 'having_Sub_Domain', 'SSLfinal_State', 'Domain_registeration_length', 'Favicon', 'port', 'HTTPS_token', 'Request_URL', 'URL_of_Anchor', 'Links_in_tags', 'SFH', 'Submitting_to_email', 'Abnormal_URL', 'Redirect', 'on_mouseover', 'RightClick', 'popUpWidnow', 'Iframe', 'age_of_domain', 'DNSRecord', 'web_traffic', 'Page_Rank', 'Google_Index', 'Links_pointing_to_page', 'Statistical_report', 'Result']
[ 2025-08-01 08:44:40,421 ] 34 root - INFO - Data validation completed.
[ 2025-08-01 08:44:40,421 ] 40 root - INFO - data Transformation started
[ 2025-08-01 08:44:40,421 ] 63 root - INFO - Entered initiate_data_transformation method of DataTransformation class
[ 2025-08-01 08:44:40,421 ] 65 root - INFO - Starting data transformation
[ 2025-08-01 08:44:40,431 ] 48 root - INFO - Entered get_data_trnasformer_object method of Trnasformation class
[ 2025-08-01 08:44:40,431 ] 53 root - INFO - Initialise KNNImputer with {'missing_values': nan, 'n_neighbors': 3, 'weights': 'uniform'}
[ 2025-08-01 08:44:40,437 ] 46 root - INFO - Entered the save_object method of MainUtils class
[ 2025-08-01 08:44:40,440 ] 50 root - INFO - Exited the save_object method of MainUtils class
[ 2025-08-01 08:44:40,440 ] 46 root - INFO - Entered the save_object method of MainUtils class
[ 2025-08-01 08:44:40,441 ] 50 root - INFO - Exited the save_object method of MainUtils class
[ 2025-08-01 08:44:40,441 ] 44 root - INFO - data Transformation completed
